<?xml version="1.0" encoding="UTF-8"?>
<!-- Generated by org.testng.reporters.JUnitReportReporter -->
<testsuite hostname="LAPTOP-23C3JNNS" failures="0" tests="3" name="com.AutomationTalks.demoProject.TestClass1" time="12.496" errors="0" timestamp="2023-09-07T15:07:09 IST" skipped="0">
  <testcase classname="com.AutomationTalks.demoProject.TestClass1" name="Test1" time="4.246"/>
  <testcase classname="com.AutomationTalks.demoProject.TestClass1" name="Test2" time="3.708"/>
  <testcase classname="com.AutomationTalks.demoProject.TestClass1" name="Test3" time="4.542"/>
</testsuite> <!-- com.AutomationTalks.demoProject.TestClass1 -->
